2025-06-15 10:50:54,552 | INFO | app.api.routes.uploads | User 43809163-55c0-44b5-873d-b2940bc0a553 upload: Karya Sepeda.jpg
2025-06-15 10:51:19,080 | INFO | app.api.routes.uploads | User 5d05216b-ec2a-4632-8e0b-697cd6aad2a4 upload: Karya Sepeda.jpg
2025-06-15 10:51:19,085 | WARNING | app.api.routes.uploads | Exact hash match found — upload rejected
2025-06-15 10:51:19,086 | ERROR | app.api.routes.uploads | Unexpected error during upload
Traceback (most recent call last):
  File "C:\backend\app\api\routes\uploads.py", line 61, in upload_artwork
    raise HTTPException(status_code=400, detail="Gambar sudah pernah diunggah sebelumnya (hash kembar).")
fastapi.exceptions.HTTPException: 400: Gambar sudah pernah diunggah sebelumnya (hash kembar).
2025-06-15 10:51:29,328 | INFO | app.api.routes.uploads | User 5d05216b-ec2a-4632-8e0b-697cd6aad2a4 upload: Karya Sepeda 1.jpg
2025-06-15 10:59:00,905 | INFO | app.api.routes.uploads | User 5d05216b-ec2a-4632-8e0b-697cd6aad2a4 upload file: Karya Sepeda 1.jpg
2025-06-15 15:52:23,911 | INFO | app.main | Server FastAPI dimulai...
2025-06-15 15:54:06,348 | INFO | app.main | Server FastAPI dimulai...
2025-06-15 15:59:41,622 | INFO | app.main | Server FastAPI dimulai...
2025-06-15 16:00:33,785 | INFO | app.main | Server FastAPI dimulai...
2025-06-15 16:03:58,473 | INFO | app.main | Server FastAPI dimulai...
2025-06-15 16:04:02,607 | INFO | app.main | Server FastAPI dimulai...
2025-06-15 16:04:05,255 | INFO | app.main | Server FastAPI dimulai...
2025-06-15 16:04:31,691 | INFO | app.main | Server FastAPI dimulai...
2025-06-15 16:04:39,310 | INFO | app.main | Server FastAPI dimulai...
2025-06-15 16:04:42,758 | INFO | app.main | Server FastAPI dimulai...
2025-06-15 16:04:47,680 | INFO | app.main | Server FastAPI dimulai...
2025-06-15 16:04:53,531 | INFO | app.main | Server FastAPI dimulai...
2025-06-15 16:05:04,318 | INFO | app.main | Server FastAPI dimulai...
2025-06-15 16:06:02,146 | INFO | app.main | Server FastAPI dimulai...
2025-06-15 16:07:35,251 | INFO | app.main | Server FastAPI dimulai...
2025-06-15 16:09:59,073 | INFO | app.main | Server FastAPI dimulai...
2025-06-15 16:11:43,657 | INFO | app.main | Server FastAPI dimulai...
2025-06-15 16:12:14,404 | INFO | app.main | Server FastAPI dimulai...
2025-06-15 16:13:46,999 | INFO | app.main | Server FastAPI dimulai...
2025-06-15 16:14:05,960 | INFO | app.main | Server FastAPI dimulai...
2025-06-15 16:14:41,375 | INFO | app.main | Server FastAPI dimulai...
2025-06-15 16:15:21,391 | INFO | app.main | Server FastAPI dimulai...
2025-06-15 16:15:44,387 | INFO | app.main | Server FastAPI dimulai...
